[0m11:50:50.970472 [debug] [MainThread]: Sending event: {'category': 'dbt', 'action': 'invocation', 'label': 'start', 'context': [<snowplow_tracker.self_describing_json.SelfDescribingJson object at 0x00000120E4077890>, <snowplow_tracker.self_describing_json.SelfDescribingJson object at 0x00000120E40ACB90>, <snowplow_tracker.self_describing_json.SelfDescribingJson object at 0x00000120E4163F10>]}


============================== 11:50:50.974472 | dc484fef-ef3f-4ade-b771-c2c4ccb00453 ==============================
[0m11:50:50.974472 [info ] [MainThread]: Running with dbt=1.7.3
[0m11:50:50.975472 [debug] [MainThread]: running dbt with arguments {'printer_width': '80', 'indirect_selection': 'eager', 'write_json': 'True', 'log_cache_events': 'False', 'partial_parse': 'True', 'cache_selected_only': 'False', 'warn_error': 'None', 'fail_fast': 'False', 'version_check': 'True', 'log_path': 'logs', 'debug': 'False', 'profiles_dir': 'C:\\Users\\smakowski3\\.dbt', 'use_colors': 'True', 'use_experimental_parser': 'False', 'no_print': 'None', 'quiet': 'False', 'log_format': 'default', 'introspect': 'True', 'invocation_command': 'dbt init', 'warn_error_options': 'WarnErrorOptions(include=[], exclude=[])', 'target_path': 'None', 'static_parser': 'True', 'send_anonymous_usage_stats': 'True'}
[0m11:50:50.976472 [warn ] [MainThread]: [ConfigFolderDirectory]: Unable to parse dict {'dir': WindowsPath('C:/Users/smakowski3/.dbt')}
[0m11:50:50.976472 [info ] [MainThread]: Creating dbt configuration folder at 
[0m11:51:35.330063 [debug] [MainThread]: Starter project path: C:\Learn\Snowflake\SnowPro Advanced Data Engineer\dbt_course\venv_dbt\Lib\site-packages\dbt\include\starter_project
[0m11:51:35.401061 [info ] [MainThread]: 
Your new dbt project "dbt_project01" was created!

For more information on how to configure the profiles.yml file,
please consult the dbt documentation here:

  https://docs.getdbt.com/docs/configure-your-profile

One more thing:

Need help? Don't hesitate to reach out to us via GitHub issues or on Slack:

  https://community.getdbt.com/

Happy modeling!

[0m11:51:35.404157 [info ] [MainThread]: Setting up your profile.
[0m11:53:12.656911 [info ] [MainThread]: Profile dbt_project01 written to C:\Users\smakowski3\.dbt\profiles.yml using target's profile_template.yml and your supplied values. Run 'dbt debug' to validate the connection.
[0m11:53:12.657913 [debug] [MainThread]: Command `dbt init` succeeded at 11:53:12.657913 after 141.71 seconds
[0m11:53:12.658949 [debug] [MainThread]: Sending event: {'category': 'dbt', 'action': 'invocation', 'label': 'end', 'context': [<snowplow_tracker.self_describing_json.SelfDescribingJson object at 0x00000120E4832BD0>, <snowplow_tracker.self_describing_json.SelfDescribingJson object at 0x00000120E4847790>, <snowplow_tracker.self_describing_json.SelfDescribingJson object at 0x00000120E409BF10>]}
[0m11:53:12.658949 [debug] [MainThread]: Flushing usage events
[0m12:01:13.541865 [debug] [MainThread]: Sending event: {'category': 'dbt', 'action': 'invocation', 'label': 'start', 'context': [<snowplow_tracker.self_describing_json.SelfDescribingJson object at 0x00000166270415D0>, <snowplow_tracker.self_describing_json.SelfDescribingJson object at 0x0000016627040C50>, <snowplow_tracker.self_describing_json.SelfDescribingJson object at 0x0000016626897690>]}


============================== 12:01:13.546866 | 08de6bd2-ed02-4550-921c-7b9f0f42d2ce ==============================
[0m12:01:13.546866 [info ] [MainThread]: Running with dbt=1.7.3
[0m12:01:13.547866 [debug] [MainThread]: running dbt with arguments {'printer_width': '80', 'indirect_selection': 'eager', 'log_cache_events': 'False', 'write_json': 'True', 'partial_parse': 'True', 'cache_selected_only': 'False', 'warn_error': 'None', 'fail_fast': 'False', 'profiles_dir': 'C:\\Users\\smakowski3\\.dbt', 'log_path': 'logs', 'version_check': 'True', 'debug': 'False', 'use_colors': 'True', 'use_experimental_parser': 'False', 'no_print': 'None', 'quiet': 'False', 'warn_error_options': 'WarnErrorOptions(include=[], exclude=[])', 'introspect': 'True', 'static_parser': 'True', 'log_format': 'default', 'target_path': 'None', 'invocation_command': 'dbt debug --config-dir', 'send_anonymous_usage_stats': 'True'}
[0m12:01:13.547866 [info ] [MainThread]: To view your profiles.yml file, run:

start C:\Users\smakowski3\.dbt
[0m12:01:13.549865 [debug] [MainThread]: Command `dbt debug` succeeded at 12:01:13.549865 after 0.07 seconds
[0m12:01:13.550866 [debug] [MainThread]: Sending event: {'category': 'dbt', 'action': 'invocation', 'label': 'end', 'context': [<snowplow_tracker.self_describing_json.SelfDescribingJson object at 0x0000016626C5D390>, <snowplow_tracker.self_describing_json.SelfDescribingJson object at 0x000001661FA5AB50>, <snowplow_tracker.self_describing_json.SelfDescribingJson object at 0x00000166268AC850>]}
[0m12:01:13.550866 [debug] [MainThread]: Flushing usage events
